{"/Users/alenakovalenko/Desktop/react/src/index.jsx": {"path":"/Users/alenakovalenko/Desktop/react/src/index.jsx","statementMap":{"0":{"start":{"line":13,"column":19},"end":{"line":22,"column":1}},"1":{"start":{"line":14,"column":4},"end":{"line":21,"column":14}},"2":{"start":{"line":24,"column":0},"end":{"line":24,"column":57}}},"fnMap":{"0":{"name":"(anonymous_0)","decl":{"start":{"line":13,"column":19},"end":{"line":13,"column":20}},"loc":{"start":{"line":13,"column":25},"end":{"line":22,"column":1}},"line":13}},"branchMap":{},"s":{"0":0,"1":0,"2":0},"f":{"0":0},"b":{}}
,"/Users/alenakovalenko/Desktop/react/src/components/cards/index.jsx": {"path":"/Users/alenakovalenko/Desktop/react/src/components/cards/index.jsx","statementMap":{"0":{"start":{"line":7,"column":21},"end":{"line":24,"column":1}},"1":{"start":{"line":8,"column":4},"end":{"line":23,"column":7}},"2":{"start":{"line":13,"column":51},"end":{"line":13,"column":80}},"3":{"start":{"line":26,"column":0},"end":{"line":28,"column":2}}},"fnMap":{"0":{"name":"(anonymous_0)","decl":{"start":{"line":7,"column":21},"end":{"line":7,"column":22}},"loc":{"start":{"line":8,"column":4},"end":{"line":23,"column":7}},"line":8},"1":{"name":"(anonymous_1)","decl":{"start":{"line":13,"column":37},"end":{"line":13,"column":38}},"loc":{"start":{"line":13,"column":51},"end":{"line":13,"column":80}},"line":13}},"branchMap":{"0":{"loc":{"start":{"line":9,"column":9},"end":{"line":16,"column":14}},"type":"binary-expr","locations":[{"start":{"line":9,"column":9},"end":{"line":9,"column":20}},{"start":{"line":9,"column":24},"end":{"line":9,"column":48}},{"start":{"line":10,"column":8},"end":{"line":16,"column":14}}],"line":9},"1":{"loc":{"start":{"line":18,"column":9},"end":{"line":21,"column":14}},"type":"binary-expr","locations":[{"start":{"line":18,"column":9},"end":{"line":18,"column":20}},{"start":{"line":18,"column":24},"end":{"line":18,"column":48}},{"start":{"line":19,"column":8},"end":{"line":21,"column":14}}],"line":18}},"s":{"0":3,"1":3,"2":10,"3":3},"f":{"0":3,"1":10},"b":{"0":[3,3,1],"1":[3,3,2]},"_coverageSchema":"1a1c01bbd47fc00a2c39e90264f33305004495a9","hash":"e5ac71cd4d1f238948e379d5073e283b64116a64"}
,"/Users/alenakovalenko/Desktop/react/src/components/cards/companents/card/index.jsx": {"path":"/Users/alenakovalenko/Desktop/react/src/components/cards/companents/card/index.jsx","statementMap":{"0":{"start":{"line":10,"column":8},"end":{"line":10,"column":54}},"1":{"start":{"line":11,"column":8},"end":{"line":11,"column":25}},"2":{"start":{"line":15,"column":8},"end":{"line":27,"column":16}},"3":{"start":{"line":15,"column":94},"end":{"line":15,"column":132}},"4":{"start":{"line":17,"column":16},"end":{"line":17,"column":55}},"5":{"start":{"line":31,"column":0},"end":{"line":39,"column":2}}},"fnMap":{"0":{"name":"(anonymous_0)","decl":{"start":{"line":9,"column":4},"end":{"line":9,"column":5}},"loc":{"start":{"line":9,"column":20},"end":{"line":12,"column":5}},"line":9},"1":{"name":"(anonymous_1)","decl":{"start":{"line":14,"column":4},"end":{"line":14,"column":5}},"loc":{"start":{"line":14,"column":13},"end":{"line":28,"column":5}},"line":14},"2":{"name":"(anonymous_2)","decl":{"start":{"line":15,"column":90},"end":{"line":15,"column":91}},"loc":{"start":{"line":15,"column":94},"end":{"line":15,"column":132}},"line":15},"3":{"name":"(anonymous_3)","decl":{"start":{"line":16,"column":88},"end":{"line":16,"column":89}},"loc":{"start":{"line":16,"column":95},"end":{"line":19,"column":13}},"line":16}},"branchMap":{},"s":{"0":0,"1":0,"2":3,"3":1,"4":0,"5":4},"f":{"0":0,"1":3,"2":1,"3":0},"b":{},"_coverageSchema":"1a1c01bbd47fc00a2c39e90264f33305004495a9","hash":"706d09b5d6b7fcefc4a639cf120dea68168e7af0"}
,"/Users/alenakovalenko/Desktop/react/src/components/errorBoundary/index.jsx": {"path":"/Users/alenakovalenko/Desktop/react/src/components/errorBoundary/index.jsx","statementMap":{"0":{"start":{"line":7,"column":8},"end":{"line":7,"column":21}},"1":{"start":{"line":8,"column":8},"end":{"line":8,"column":54}},"2":{"start":{"line":13,"column":8},"end":{"line":16,"column":11}},"3":{"start":{"line":21,"column":34},"end":{"line":21,"column":44}},"4":{"start":{"line":22,"column":8},"end":{"line":34,"column":9}},"5":{"start":{"line":24,"column":12},"end":{"line":33,"column":14}},"6":{"start":{"line":36,"column":8},"end":{"line":36,"column":35}},"7":{"start":{"line":40,"column":0},"end":{"line":42,"column":2}}},"fnMap":{"0":{"name":"(anonymous_0)","decl":{"start":{"line":6,"column":4},"end":{"line":6,"column":5}},"loc":{"start":{"line":6,"column":23},"end":{"line":9,"column":5}},"line":6},"1":{"name":"(anonymous_1)","decl":{"start":{"line":11,"column":4},"end":{"line":11,"column":5}},"loc":{"start":{"line":11,"column":40},"end":{"line":18,"column":5}},"line":11},"2":{"name":"(anonymous_2)","decl":{"start":{"line":20,"column":4},"end":{"line":20,"column":5}},"loc":{"start":{"line":20,"column":13},"end":{"line":37,"column":5}},"line":20}},"branchMap":{"0":{"loc":{"start":{"line":22,"column":8},"end":{"line":34,"column":9}},"type":"if","locations":[{"start":{"line":22,"column":8},"end":{"line":34,"column":9}},{"start":{"line":22,"column":8},"end":{"line":34,"column":9}}],"line":22},"1":{"loc":{"start":{"line":28,"column":25},"end":{"line":28,"column":50}},"type":"binary-expr","locations":[{"start":{"line":28,"column":25},"end":{"line":28,"column":30}},{"start":{"line":28,"column":34},"end":{"line":28,"column":50}}],"line":28}},"s":{"0":1,"1":1,"2":0,"3":1,"4":1,"5":0,"6":1,"7":1},"f":{"0":1,"1":0,"2":1},"b":{"0":[0,1],"1":[0,0]},"_coverageSchema":"1a1c01bbd47fc00a2c39e90264f33305004495a9","hash":"f9357819004b7e598c9ac3a961b8a03214ff2111"}
,"/Users/alenakovalenko/Desktop/react/src/components/footer/index.jsx": {"path":"/Users/alenakovalenko/Desktop/react/src/components/footer/index.jsx","statementMap":{"0":{"start":{"line":5,"column":22},"end":{"line":9,"column":1}},"1":{"start":{"line":6,"column":4},"end":{"line":8,"column":11}}},"fnMap":{"0":{"name":"(anonymous_0)","decl":{"start":{"line":5,"column":22},"end":{"line":5,"column":23}},"loc":{"start":{"line":5,"column":28},"end":{"line":9,"column":1}},"line":5}},"branchMap":{},"s":{"0":1,"1":1},"f":{"0":1},"b":{},"_coverageSchema":"1a1c01bbd47fc00a2c39e90264f33305004495a9","hash":"3fb806a088e59c878ba1de4d07b68058ee7fd867"}
,"/Users/alenakovalenko/Desktop/react/src/components/logo/index.jsx": {"path":"/Users/alenakovalenko/Desktop/react/src/components/logo/index.jsx","statementMap":{"0":{"start":{"line":6,"column":20},"end":{"line":10,"column":1}},"1":{"start":{"line":7,"column":4},"end":{"line":9,"column":11}},"2":{"start":{"line":12,"column":0},"end":{"line":14,"column":2}}},"fnMap":{"0":{"name":"(anonymous_0)","decl":{"start":{"line":6,"column":20},"end":{"line":6,"column":21}},"loc":{"start":{"line":6,"column":31},"end":{"line":10,"column":1}},"line":6}},"branchMap":{},"s":{"0":6,"1":11,"2":6},"f":{"0":11},"b":{},"_coverageSchema":"1a1c01bbd47fc00a2c39e90264f33305004495a9","hash":"0fd0de4438a973c641768885cc601bb2b86b82d8"}
,"/Users/alenakovalenko/Desktop/react/src/components/moviePage/index.jsx": {"path":"/Users/alenakovalenko/Desktop/react/src/components/moviePage/index.jsx","statementMap":{"0":{"start":{"line":13,"column":8},"end":{"line":13,"column":21}},"1":{"start":{"line":14,"column":8},"end":{"line":20,"column":10}},"2":{"start":{"line":24,"column":8},"end":{"line":26,"column":9}},"3":{"start":{"line":25,"column":12},"end":{"line":25,"column":59}},"4":{"start":{"line":30,"column":8},"end":{"line":30,"column":29}},"5":{"start":{"line":34,"column":25},"end":{"line":34,"column":58}},"6":{"start":{"line":35,"column":30},"end":{"line":35,"column":58}},"7":{"start":{"line":36,"column":23},"end":{"line":38,"column":10}},"8":{"start":{"line":39,"column":8},"end":{"line":39,"column":57}},"9":{"start":{"line":43,"column":39},"end":{"line":43,"column":49}},"10":{"start":{"line":44,"column":8},"end":{"line":49,"column":25}},"11":{"start":{"line":56,"column":0},"end":{"line":58,"column":2}}},"fnMap":{"0":{"name":"(anonymous_0)","decl":{"start":{"line":12,"column":4},"end":{"line":12,"column":5}},"loc":{"start":{"line":12,"column":23},"end":{"line":21,"column":5}},"line":12},"1":{"name":"(anonymous_1)","decl":{"start":{"line":23,"column":4},"end":{"line":23,"column":5}},"loc":{"start":{"line":23,"column":34},"end":{"line":27,"column":5}},"line":23},"2":{"name":"(anonymous_2)","decl":{"start":{"line":29,"column":4},"end":{"line":29,"column":5}},"loc":{"start":{"line":29,"column":23},"end":{"line":31,"column":5}},"line":29},"3":{"name":"(anonymous_3)","decl":{"start":{"line":33,"column":4},"end":{"line":33,"column":5}},"loc":{"start":{"line":33,"column":27},"end":{"line":40,"column":5}},"line":33},"4":{"name":"(anonymous_4)","decl":{"start":{"line":42,"column":4},"end":{"line":42,"column":5}},"loc":{"start":{"line":42,"column":13},"end":{"line":50,"column":5}},"line":42}},"branchMap":{"0":{"loc":{"start":{"line":24,"column":8},"end":{"line":26,"column":9}},"type":"if","locations":[{"start":{"line":24,"column":8},"end":{"line":26,"column":9}},{"start":{"line":24,"column":8},"end":{"line":26,"column":9}}],"line":24},"1":{"loc":{"start":{"line":24,"column":12},"end":{"line":24,"column":97}},"type":"binary-expr","locations":[{"start":{"line":24,"column":12},"end":{"line":24,"column":22}},{"start":{"line":24,"column":27},"end":{"line":24,"column":36}},{"start":{"line":24,"column":40},"end":{"line":24,"column":96}}],"line":24},"2":{"loc":{"start":{"line":34,"column":25},"end":{"line":34,"column":58}},"type":"binary-expr","locations":[{"start":{"line":34,"column":25},"end":{"line":34,"column":27}},{"start":{"line":34,"column":31},"end":{"line":34,"column":58}}],"line":34}},"s":{"0":1,"1":1,"2":0,"3":0,"4":1,"5":1,"6":1,"7":0,"8":0,"9":1,"10":1,"11":1},"f":{"0":1,"1":0,"2":1,"3":1,"4":1},"b":{"0":[0,0],"1":[0,0,0],"2":[1,1]},"_coverageSchema":"1a1c01bbd47fc00a2c39e90264f33305004495a9","hash":"d2d3de5d39e03e7065e6dc8312d7974dc74227a8"}
,"/Users/alenakovalenko/Desktop/react/src/components/moviePage/components/movie/index.jsx": {"path":"/Users/alenakovalenko/Desktop/react/src/components/moviePage/components/movie/index.jsx","statementMap":{"0":{"start":{"line":9,"column":21},"end":{"line":42,"column":1}},"1":{"start":{"line":10,"column":4},"end":{"line":41,"column":11}},"2":{"start":{"line":18,"column":20},"end":{"line":18,"column":59}},"3":{"start":{"line":44,"column":0},"end":{"line":46,"column":2}}},"fnMap":{"0":{"name":"(anonymous_0)","decl":{"start":{"line":9,"column":21},"end":{"line":9,"column":22}},"loc":{"start":{"line":9,"column":32},"end":{"line":42,"column":1}},"line":9},"1":{"name":"(anonymous_1)","decl":{"start":{"line":17,"column":86},"end":{"line":17,"column":87}},"loc":{"start":{"line":17,"column":93},"end":{"line":19,"column":17}},"line":17}},"branchMap":{"0":{"loc":{"start":{"line":25,"column":52},"end":{"line":25,"column":102}},"type":"binary-expr","locations":[{"start":{"line":25,"column":52},"end":{"line":25,"column":70}},{"start":{"line":25,"column":74},"end":{"line":25,"column":102}}],"line":25},"1":{"loc":{"start":{"line":27,"column":55},"end":{"line":27,"column":119}},"type":"binary-expr","locations":[{"start":{"line":27,"column":55},"end":{"line":27,"column":79}},{"start":{"line":27,"column":83},"end":{"line":27,"column":119}}],"line":27},"2":{"loc":{"start":{"line":29,"column":55},"end":{"line":29,"column":79}},"type":"binary-expr","locations":[{"start":{"line":29,"column":55},"end":{"line":29,"column":74}},{"start":{"line":29,"column":76},"end":{"line":29,"column":79}}],"line":29},"3":{"loc":{"start":{"line":38,"column":54},"end":{"line":38,"column":105}},"type":"binary-expr","locations":[{"start":{"line":38,"column":54},"end":{"line":38,"column":72}},{"start":{"line":38,"column":76},"end":{"line":38,"column":105}}],"line":38}},"s":{"0":2,"1":1,"2":0,"3":2},"f":{"0":1,"1":0},"b":{"0":[1,1],"1":[1,1],"2":[1,1],"3":[1,1]},"_coverageSchema":"1a1c01bbd47fc00a2c39e90264f33305004495a9","hash":"f009db3c5ccbe384678491b0527017d30d5c67d5"}
,"/Users/alenakovalenko/Desktop/react/src/components/radiogroup/index.jsx": {"path":"/Users/alenakovalenko/Desktop/react/src/components/radiogroup/index.jsx","statementMap":{"0":{"start":{"line":6,"column":26},"end":{"line":20,"column":1}},"1":{"start":{"line":7,"column":4},"end":{"line":19,"column":10}},"2":{"start":{"line":9,"column":39},"end":{"line":16,"column":14}},"3":{"start":{"line":13,"column":27},"end":{"line":13,"column":53}},"4":{"start":{"line":22,"column":0},"end":{"line":30,"column":2}}},"fnMap":{"0":{"name":"(anonymous_0)","decl":{"start":{"line":6,"column":26},"end":{"line":6,"column":27}},"loc":{"start":{"line":7,"column":4},"end":{"line":19,"column":10}},"line":7},"1":{"name":"(anonymous_1)","decl":{"start":{"line":9,"column":27},"end":{"line":9,"column":28}},"loc":{"start":{"line":9,"column":39},"end":{"line":16,"column":14}},"line":9},"2":{"name":"(anonymous_2)","decl":{"start":{"line":13,"column":21},"end":{"line":13,"column":22}},"loc":{"start":{"line":13,"column":27},"end":{"line":13,"column":53}},"line":13}},"branchMap":{},"s":{"0":3,"1":19,"2":38,"3":2,"4":3},"f":{"0":19,"1":38,"2":2},"b":{},"_coverageSchema":"1a1c01bbd47fc00a2c39e90264f33305004495a9","hash":"ed6389a6eff1e3effef1843483f7b897e490eeb8"}
,"/Users/alenakovalenko/Desktop/react/src/components/search/index.jsx": {"path":"/Users/alenakovalenko/Desktop/react/src/components/search/index.jsx","statementMap":{"0":{"start":{"line":10,"column":8},"end":{"line":10,"column":21}},"1":{"start":{"line":11,"column":8},"end":{"line":11,"column":57}},"2":{"start":{"line":12,"column":8},"end":{"line":16,"column":10}},"3":{"start":{"line":17,"column":8},"end":{"line":19,"column":9}},"4":{"start":{"line":18,"column":12},"end":{"line":18,"column":32}},"5":{"start":{"line":24,"column":8},"end":{"line":24,"column":40}},"6":{"start":{"line":25,"column":8},"end":{"line":29,"column":11}},"7":{"start":{"line":33,"column":8},"end":{"line":33,"column":46}},"8":{"start":{"line":36,"column":8},"end":{"line":36,"column":74}},"9":{"start":{"line":41,"column":32},"end":{"line":44,"column":9}},"10":{"start":{"line":45,"column":30},"end":{"line":48,"column":9}},"11":{"start":{"line":49,"column":52},"end":{"line":49,"column":62}},"12":{"start":{"line":50,"column":8},"end":{"line":78,"column":15}},"13":{"start":{"line":55,"column":48},"end":{"line":55,"column":73}},"14":{"start":{"line":61,"column":47},"end":{"line":61,"column":89}},"15":{"start":{"line":84,"column":0},"end":{"line":95,"column":2}}},"fnMap":{"0":{"name":"(anonymous_0)","decl":{"start":{"line":9,"column":4},"end":{"line":9,"column":5}},"loc":{"start":{"line":9,"column":23},"end":{"line":21,"column":5}},"line":9},"1":{"name":"(anonymous_1)","decl":{"start":{"line":23,"column":4},"end":{"line":23,"column":5}},"loc":{"start":{"line":23,"column":24},"end":{"line":30,"column":5}},"line":23},"2":{"name":"(anonymous_2)","decl":{"start":{"line":32,"column":4},"end":{"line":32,"column":5}},"loc":{"start":{"line":32,"column":30},"end":{"line":34,"column":5}},"line":32},"3":{"name":"(anonymous_3)","decl":{"start":{"line":35,"column":4},"end":{"line":35,"column":5}},"loc":{"start":{"line":35,"column":36},"end":{"line":37,"column":5}},"line":35},"4":{"name":"(anonymous_4)","decl":{"start":{"line":40,"column":4},"end":{"line":40,"column":5}},"loc":{"start":{"line":40,"column":13},"end":{"line":79,"column":5}},"line":40},"5":{"name":"(anonymous_5)","decl":{"start":{"line":55,"column":36},"end":{"line":55,"column":37}},"loc":{"start":{"line":55,"column":46},"end":{"line":55,"column":74}},"line":55},"6":{"name":"(anonymous_6)","decl":{"start":{"line":61,"column":38},"end":{"line":61,"column":39}},"loc":{"start":{"line":61,"column":47},"end":{"line":61,"column":89}},"line":61}},"branchMap":{"0":{"loc":{"start":{"line":13,"column":27},"end":{"line":13,"column":82}},"type":"binary-expr","locations":[{"start":{"line":13,"column":28},"end":{"line":13,"column":39}},{"start":{"line":13,"column":43},"end":{"line":13,"column":70}},{"start":{"line":13,"column":75},"end":{"line":13,"column":82}}],"line":13},"1":{"loc":{"start":{"line":14,"column":25},"end":{"line":14,"column":85}},"type":"binary-expr","locations":[{"start":{"line":14,"column":26},"end":{"line":14,"column":37}},{"start":{"line":14,"column":41},"end":{"line":14,"column":66}},{"start":{"line":14,"column":71},"end":{"line":14,"column":85}}],"line":14},"2":{"loc":{"start":{"line":15,"column":19},"end":{"line":15,"column":66}},"type":"binary-expr","locations":[{"start":{"line":15,"column":20},"end":{"line":15,"column":31}},{"start":{"line":15,"column":35},"end":{"line":15,"column":59}},{"start":{"line":15,"column":64},"end":{"line":15,"column":66}}],"line":15},"3":{"loc":{"start":{"line":17,"column":8},"end":{"line":19,"column":9}},"type":"if","locations":[{"start":{"line":17,"column":8},"end":{"line":19,"column":9}},{"start":{"line":17,"column":8},"end":{"line":19,"column":9}}],"line":17},"4":{"loc":{"start":{"line":24,"column":8},"end":{"line":24,"column":39}},"type":"binary-expr","locations":[{"start":{"line":24,"column":8},"end":{"line":24,"column":13}},{"start":{"line":24,"column":17},"end":{"line":24,"column":39}}],"line":24},"5":{"loc":{"start":{"line":72,"column":21},"end":{"line":72,"column":123}},"type":"binary-expr","locations":[{"start":{"line":72,"column":21},"end":{"line":72,"column":49}},{"start":{"line":72,"column":53},"end":{"line":72,"column":123}}],"line":72}},"s":{"0":6,"1":6,"2":6,"3":6,"4":0,"5":2,"6":2,"7":0,"8":2,"9":10,"10":10,"11":10,"12":10,"13":0,"14":1,"15":2},"f":{"0":6,"1":2,"2":0,"3":2,"4":10,"5":0,"6":1},"b":{"0":[6,0,6],"1":[6,0,6],"2":[6,0,6],"3":[0,6],"4":[2,0],"5":[10,8]},"_coverageSchema":"1a1c01bbd47fc00a2c39e90264f33305004495a9","hash":"edc134c09866e73abedc34bd6bbb11f00e7f6f15"}
,"/Users/alenakovalenko/Desktop/react/src/components/searchPage/index.jsx": {"path":"/Users/alenakovalenko/Desktop/react/src/components/searchPage/index.jsx","statementMap":{"0":{"start":{"line":10,"column":8},"end":{"line":10,"column":21}},"1":{"start":{"line":11,"column":8},"end":{"line":13,"column":10}},"2":{"start":{"line":17,"column":8},"end":{"line":32,"column":9}},"3":{"start":{"line":18,"column":29},"end":{"line":18,"column":45}},"4":{"start":{"line":19,"column":12},"end":{"line":23,"column":15}},"5":{"start":{"line":25,"column":12},"end":{"line":31,"column":13}},"6":{"start":{"line":26,"column":16},"end":{"line":30,"column":19}},"7":{"start":{"line":36,"column":8},"end":{"line":43,"column":9}},"8":{"start":{"line":37,"column":26},"end":{"line":41,"column":14}},"9":{"start":{"line":42,"column":12},"end":{"line":42,"column":47}},"10":{"start":{"line":47,"column":8},"end":{"line":47,"column":84}},"11":{"start":{"line":48,"column":8},"end":{"line":48,"column":64}},"12":{"start":{"line":53,"column":22},"end":{"line":53,"column":32}},"13":{"start":{"line":54,"column":8},"end":{"line":61,"column":25}},"14":{"start":{"line":67,"column":0},"end":{"line":70,"column":2}}},"fnMap":{"0":{"name":"(anonymous_0)","decl":{"start":{"line":9,"column":4},"end":{"line":9,"column":5}},"loc":{"start":{"line":9,"column":23},"end":{"line":14,"column":5}},"line":9},"1":{"name":"(anonymous_1)","decl":{"start":{"line":16,"column":4},"end":{"line":16,"column":5}},"loc":{"start":{"line":16,"column":30},"end":{"line":33,"column":5}},"line":16},"2":{"name":"(anonymous_2)","decl":{"start":{"line":35,"column":4},"end":{"line":35,"column":5}},"loc":{"start":{"line":35,"column":61},"end":{"line":44,"column":5}},"line":35},"3":{"name":"(anonymous_3)","decl":{"start":{"line":46,"column":4},"end":{"line":46,"column":5}},"loc":{"start":{"line":46,"column":55},"end":{"line":49,"column":5}},"line":46},"4":{"name":"(anonymous_4)","decl":{"start":{"line":52,"column":4},"end":{"line":52,"column":5}},"loc":{"start":{"line":52,"column":13},"end":{"line":62,"column":5}},"line":52}},"branchMap":{"0":{"loc":{"start":{"line":17,"column":8},"end":{"line":32,"column":9}},"type":"if","locations":[{"start":{"line":17,"column":8},"end":{"line":32,"column":9}},{"start":{"line":17,"column":8},"end":{"line":32,"column":9}}],"line":17},"1":{"loc":{"start":{"line":20,"column":31},"end":{"line":20,"column":57}},"type":"binary-expr","locations":[{"start":{"line":20,"column":31},"end":{"line":20,"column":46}},{"start":{"line":20,"column":50},"end":{"line":20,"column":57}}],"line":20},"2":{"loc":{"start":{"line":21,"column":29},"end":{"line":21,"column":60}},"type":"binary-expr","locations":[{"start":{"line":21,"column":29},"end":{"line":21,"column":42}},{"start":{"line":21,"column":46},"end":{"line":21,"column":60}}],"line":21},"3":{"loc":{"start":{"line":22,"column":23},"end":{"line":22,"column":41}},"type":"binary-expr","locations":[{"start":{"line":22,"column":23},"end":{"line":22,"column":35}},{"start":{"line":22,"column":39},"end":{"line":22,"column":41}}],"line":22},"4":{"loc":{"start":{"line":25,"column":12},"end":{"line":31,"column":13}},"type":"if","locations":[{"start":{"line":25,"column":12},"end":{"line":31,"column":13}},{"start":{"line":25,"column":12},"end":{"line":31,"column":13}}],"line":25},"5":{"loc":{"start":{"line":36,"column":8},"end":{"line":43,"column":9}},"type":"if","locations":[{"start":{"line":36,"column":8},"end":{"line":43,"column":9}},{"start":{"line":36,"column":8},"end":{"line":43,"column":9}}],"line":36}},"s":{"0":2,"1":2,"2":2,"3":0,"4":0,"5":0,"6":0,"7":0,"8":0,"9":0,"10":0,"11":0,"12":2,"13":2,"14":1},"f":{"0":2,"1":2,"2":0,"3":0,"4":2},"b":{"0":[0,2],"1":[0,0],"2":[0,0],"3":[0,0],"4":[0,0],"5":[0,0]},"_coverageSchema":"1a1c01bbd47fc00a2c39e90264f33305004495a9","hash":"8b5854954c2db102d5ae72f7d3c8ba1ab117fabb"}
}
