TN:
SF:src/index.jsx
FN:13,(anonymous_0)
FNF:1
FNH:0
FNDA:0,(anonymous_0)
DA:13,0
DA:14,0
DA:24,0
LF:3
LH:0
BRF:0
BRH:0
end_of_record
TN:
SF:src/components/cards/index.jsx
FN:7,(anonymous_0)
FN:13,(anonymous_1)
FNF:2
FNH:2
FNDA:3,(anonymous_0)
FNDA:10,(anonymous_1)
DA:7,3
DA:8,3
DA:13,10
DA:26,3
LF:4
LH:4
BRDA:9,0,0,3
BRDA:9,0,1,3
BRDA:9,0,2,1
BRDA:18,1,0,3
BRDA:18,1,1,3
BRDA:18,1,2,2
BRF:6
BRH:6
end_of_record
TN:
SF:src/components/cards/companents/card/index.jsx
FN:9,(anonymous_0)
FN:14,(anonymous_1)
FN:15,(anonymous_2)
FN:16,(anonymous_3)
FNF:4
FNH:2
FNDA:0,(anonymous_0)
FNDA:3,(anonymous_1)
FNDA:1,(anonymous_2)
FNDA:0,(anonymous_3)
DA:10,0
DA:11,0
DA:15,3
DA:17,0
DA:31,4
LF:5
LH:2
BRF:0
BRH:0
end_of_record
TN:
SF:src/components/errorBoundary/index.jsx
FN:6,(anonymous_0)
FN:11,(anonymous_1)
FN:20,(anonymous_2)
FNF:3
FNH:2
FNDA:1,(anonymous_0)
FNDA:0,(anonymous_1)
FNDA:1,(anonymous_2)
DA:7,1
DA:8,1
DA:13,0
DA:21,1
DA:22,1
DA:24,0
DA:36,1
DA:40,1
LF:8
LH:6
BRDA:22,0,0,0
BRDA:22,0,1,1
BRDA:28,1,0,0
BRDA:28,1,1,0
BRF:4
BRH:1
end_of_record
TN:
SF:src/components/footer/index.jsx
FN:5,(anonymous_0)
FNF:1
FNH:1
FNDA:1,(anonymous_0)
DA:5,1
DA:6,1
LF:2
LH:2
BRF:0
BRH:0
end_of_record
TN:
SF:src/components/logo/index.jsx
FN:6,(anonymous_0)
FNF:1
FNH:1
FNDA:11,(anonymous_0)
DA:6,6
DA:7,11
DA:12,6
LF:3
LH:3
BRF:0
BRH:0
end_of_record
TN:
SF:src/components/moviePage/index.jsx
FN:12,(anonymous_0)
FN:23,(anonymous_1)
FN:29,(anonymous_2)
FN:33,(anonymous_3)
FN:42,(anonymous_4)
FNF:5
FNH:4
FNDA:1,(anonymous_0)
FNDA:0,(anonymous_1)
FNDA:1,(anonymous_2)
FNDA:1,(anonymous_3)
FNDA:1,(anonymous_4)
DA:13,1
DA:14,1
DA:24,0
DA:25,0
DA:30,1
DA:34,1
DA:35,1
DA:36,0
DA:39,0
DA:43,1
DA:44,1
DA:56,1
LF:12
LH:8
BRDA:24,0,0,0
BRDA:24,0,1,0
BRDA:24,1,0,0
BRDA:24,1,1,0
BRDA:24,1,2,0
BRDA:34,2,0,1
BRDA:34,2,1,1
BRF:7
BRH:2
end_of_record
TN:
SF:src/components/moviePage/components/movie/index.jsx
FN:9,(anonymous_0)
FN:17,(anonymous_1)
FNF:2
FNH:1
FNDA:1,(anonymous_0)
FNDA:0,(anonymous_1)
DA:9,2
DA:10,1
DA:18,0
DA:44,2
LF:4
LH:3
BRDA:25,0,0,1
BRDA:25,0,1,1
BRDA:27,1,0,1
BRDA:27,1,1,1
BRDA:29,2,0,1
BRDA:29,2,1,1
BRDA:38,3,0,1
BRDA:38,3,1,1
BRF:8
BRH:8
end_of_record
TN:
SF:src/components/radiogroup/index.jsx
FN:6,(anonymous_0)
FN:9,(anonymous_1)
FN:13,(anonymous_2)
FNF:3
FNH:3
FNDA:19,(anonymous_0)
FNDA:38,(anonymous_1)
FNDA:2,(anonymous_2)
DA:6,3
DA:7,19
DA:9,38
DA:13,2
DA:22,3
LF:5
LH:5
BRF:0
BRH:0
end_of_record
TN:
SF:src/components/search/index.jsx
FN:9,(anonymous_0)
FN:23,(anonymous_1)
FN:32,(anonymous_2)
FN:35,(anonymous_3)
FN:40,(anonymous_4)
FN:55,(anonymous_5)
FN:61,(anonymous_6)
FNF:7
FNH:5
FNDA:6,(anonymous_0)
FNDA:2,(anonymous_1)
FNDA:0,(anonymous_2)
FNDA:2,(anonymous_3)
FNDA:10,(anonymous_4)
FNDA:0,(anonymous_5)
FNDA:1,(anonymous_6)
DA:10,6
DA:11,6
DA:12,6
DA:17,6
DA:18,0
DA:24,2
DA:25,2
DA:33,0
DA:36,2
DA:41,10
DA:45,10
DA:49,10
DA:50,10
DA:55,0
DA:61,1
DA:84,2
LF:16
LH:13
BRDA:13,0,0,6
BRDA:13,0,1,0
BRDA:13,0,2,6
BRDA:14,1,0,6
BRDA:14,1,1,0
BRDA:14,1,2,6
BRDA:15,2,0,6
BRDA:15,2,1,0
BRDA:15,2,2,6
BRDA:17,3,0,0
BRDA:17,3,1,6
BRDA:24,4,0,2
BRDA:24,4,1,0
BRDA:72,5,0,10
BRDA:72,5,1,8
BRF:15
BRH:10
end_of_record
TN:
SF:src/components/searchPage/index.jsx
FN:9,(anonymous_0)
FN:16,(anonymous_1)
FN:35,(anonymous_2)
FN:46,(anonymous_3)
FN:52,(anonymous_4)
FNF:5
FNH:3
FNDA:2,(anonymous_0)
FNDA:2,(anonymous_1)
FNDA:0,(anonymous_2)
FNDA:0,(anonymous_3)
FNDA:2,(anonymous_4)
DA:10,2
DA:11,2
DA:17,2
DA:18,0
DA:19,0
DA:25,0
DA:26,0
DA:36,0
DA:37,0
DA:42,0
DA:47,0
DA:48,0
DA:53,2
DA:54,2
DA:67,1
LF:15
LH:6
BRDA:17,0,0,0
BRDA:17,0,1,2
BRDA:20,1,0,0
BRDA:20,1,1,0
BRDA:21,2,0,0
BRDA:21,2,1,0
BRDA:22,3,0,0
BRDA:22,3,1,0
BRDA:25,4,0,0
BRDA:25,4,1,0
BRDA:36,5,0,0
BRDA:36,5,1,0
BRF:12
BRH:1
end_of_record
